###############################################################################
#
# IAR ANSI C/C++ Compiler V8.50.9.278/W32 for ARM         23/Feb/2021  10:14:12
# Copyright 1999-2020 IAR Systems AB.
#
#    Cpu mode                        
#    Endian                       =  little
#    Source file                  =
#        C:\Users\100001305\Documents\GitHub\ecm48_motor_drive_us\Src\stm32f3xx_hal_msp.c
#    Command line                 =
#        -f C:\Users\100001~1\AppData\Local\Temp\EW4E9A.tmp
#        (C:\Users\100001305\Documents\GitHub\ecm48_motor_drive_us\Src\stm32f3xx_hal_msp.c
#        -D ARM_MATH_CM4 -D USE_FULL_LL_DRIVER -D USE_HAL_DRIVER -D STM32F302x8
#        -lCN
#        C:\Users\100001305\Documents\GitHub\ecm48_motor_drive_us\EWARM\1.3kW_GMI\List
#        -o
#        C:\Users\100001305\Documents\GitHub\ecm48_motor_drive_us\EWARM\1.3kW_GMI\Obj
#        --debug --endian=little --cpu=Cortex-M4 -e --fpu=VFPv4_sp
#        --dlib_config "C:\Program Files (x86)\IAR Systems\Embedded Workbench
#        8.4\arm\inc\c\DLib_Config_Full.h" -I
#        C:\Users\100001305\Documents\GitHub\ecm48_motor_drive_us\EWARM/../Inc\\
#        -I
#        C:\Users\100001305\Documents\GitHub\ecm48_motor_drive_us\EWARM/../Drivers/STM32F3xx_HAL_Driver/Inc\\
#        -I
#        C:\Users\100001305\Documents\GitHub\ecm48_motor_drive_us\EWARM/../Drivers/STM32F3xx_HAL_Driver/Inc/Legacy\\
#        -I
#        C:\Users\100001305\Documents\GitHub\ecm48_motor_drive_us\EWARM/../MCSDK_v5.4.4-Full/MotorControl/MCSDK/MCLib/Any/Inc\\
#        -I
#        C:\Users\100001305\Documents\GitHub\ecm48_motor_drive_us\EWARM/../MCSDK_v5.4.4-Full/MotorControl/MCSDK/MCLib/F3xx/Inc\\
#        -I
#        C:\Users\100001305\Documents\GitHub\ecm48_motor_drive_us\EWARM/../MCSDK_v5.4.4-Full/MotorControl/MCSDK/UILibrary/Inc\\
#        -I
#        C:\Users\100001305\Documents\GitHub\ecm48_motor_drive_us\EWARM/../MCSDK_v5.4.4-Full/MotorControl/MCSDK/SystemDriveParams\\
#        -I
#        C:\Users\100001305\Documents\GitHub\ecm48_motor_drive_us\EWARM/../Drivers/CMSIS/Device/ST/STM32F3xx/Include\\
#        -I
#        C:\Users\100001305\Documents\GitHub\ecm48_motor_drive_us\EWARM/../Drivers/CMSIS/Include\\
#        -I
#        C:\Users\100001305\Documents\GitHub\ecm48_motor_drive_us\EWARM/../Drivers/CMSIS/DSP/Include\\
#        -I
#        C:\Users\100001305\Documents\GitHub\ecm48_motor_drive_us\EWARM\..\FlexMouse\Drivers\\
#        -I
#        C:\Users\100001305\Documents\GitHub\ecm48_motor_drive_us\EWARM\..\FlexMouse\Features\\
#        -I
#        C:\Users\100001305\Documents\GitHub\ecm48_motor_drive_us\EWARM\..\FlexMouse\Kernel\\
#        -I
#        C:\Users\100001305\Documents\GitHub\ecm48_motor_drive_us\EWARM\..\FlexMouse\Memory\\
#        -I
#        C:\Users\100001305\Documents\GitHub\ecm48_motor_drive_us\EWARM\..\FlexMouse\Regal\\
#        -I
#        C:\Users\100001305\Documents\GitHub\ecm48_motor_drive_us\EWARM\..\FlexMouse\UniversalProtocol\\
#        -I
#        C:\Users\100001305\Documents\GitHub\ecm48_motor_drive_us\EWARM\..\FlexMouse\Motor\\
#        -Ohz)
#    Locale                       =  C
#    List file                    =
#        C:\Users\100001305\Documents\GitHub\ecm48_motor_drive_us\EWARM\1.3kW_GMI\List\stm32f3xx_hal_msp.lst
#    Object file                  =
#        C:\Users\100001305\Documents\GitHub\ecm48_motor_drive_us\EWARM\1.3kW_GMI\Obj\stm32f3xx_hal_msp.o
#    Runtime model:                  
#      __SystemLibrary            =  DLib
#      __dlib_full_locale_support =  1
#      __dlib_version             =  6
#
###############################################################################

C:\Users\100001305\Documents\GitHub\ecm48_motor_drive_us\Src\stm32f3xx_hal_msp.c
      1          /* USER CODE BEGIN Header */
      2          /**
      3            ******************************************************************************
      4            * File Name          : stm32f3xx_hal_msp.c
      5            * Description        : This file provides code for the MSP Initialization 
      6            *                      and de-Initialization codes.
      7            ******************************************************************************
      8            * @attention
      9            *
     10            * <h2><center>&copy; Copyright (c) 2020 STMicroelectronics.
     11            * All rights reserved.</center></h2>
     12            *
     13            * This software component is licensed by ST under Ultimate Liberty license
     14            * SLA0044, the "License"; You may not use this file except in compliance with
     15            * the License. You may obtain a copy of the License at:
     16            *                             www.st.com/SLA0044
     17            *
     18            ******************************************************************************
     19            */
     20          /* USER CODE END Header */
     21          
     22          /* Includes ------------------------------------------------------------------*/
     23          #include "main.h"
     24          /* USER CODE BEGIN Includes */
     25          
     26          /* USER CODE END Includes */
     27          
     28          /* Private typedef -----------------------------------------------------------*/
     29          /* USER CODE BEGIN TD */
     30          
     31          /* USER CODE END TD */
     32          
     33          /* Private define ------------------------------------------------------------*/
     34          /* USER CODE BEGIN Define */
     35           
     36          /* USER CODE END Define */
     37          
     38          /* Private macro -------------------------------------------------------------*/
     39          /* USER CODE BEGIN Macro */
     40          
     41          /* USER CODE END Macro */
     42          
     43          /* Private variables ---------------------------------------------------------*/
     44          /* USER CODE BEGIN PV */
     45          
     46          /* USER CODE END PV */
     47          
     48          /* Private function prototypes -----------------------------------------------*/
     49          /* USER CODE BEGIN PFP */
     50          
     51          /* USER CODE END PFP */
     52          
     53          /* External functions --------------------------------------------------------*/
     54          /* USER CODE BEGIN ExternalFunctions */
     55          
     56          /* USER CODE END ExternalFunctions */
     57          
     58          /* USER CODE BEGIN 0 */
     59          
     60          /* USER CODE END 0 */
     61          /**
     62            * Initializes the Global MSP.
     63            */

   \                                 In section .text, align 4, keep-with-next
     64          void HAL_MspInit(void)
     65          {
     66            /* USER CODE BEGIN MspInit 0 */
     67          
     68            /* USER CODE END MspInit 0 */
     69          
     70            __HAL_RCC_SYSCFG_CLK_ENABLE();
   \                     HAL_MspInit: (+1)
   \        0x0   0x480B             LDR.N    R0,??HAL_MspInit_0  ;; 0x40021018
   \        0x2   0xB082             SUB      SP,SP,#+8
   \        0x4   0x6801             LDR      R1,[R0, #+0]
   \        0x6   0xF041 0x0101      ORR      R1,R1,#0x1
   \        0xA   0x6001             STR      R1,[R0, #+0]
   \        0xC   0x6802             LDR      R2,[R0, #+0]
   \        0xE   0xF002 0x0201      AND      R2,R2,#0x1
   \       0x12   0x9200             STR      R2,[SP, #+0]
   \       0x14   0x9900             LDR      R1,[SP, #+0]
     71            __HAL_RCC_PWR_CLK_ENABLE();
   \       0x16   0x6842             LDR      R2,[R0, #+4]
   \       0x18   0xF042 0x5280      ORR      R2,R2,#0x10000000
   \       0x1C   0x6042             STR      R2,[R0, #+4]
   \       0x1E   0x6840             LDR      R0,[R0, #+4]
   \       0x20   0xF000 0x5080      AND      R0,R0,#0x10000000
   \       0x24   0x9000             STR      R0,[SP, #+0]
   \       0x26   0x9800             LDR      R0,[SP, #+0]
     72          
     73            HAL_NVIC_SetPriorityGrouping(NVIC_PRIORITYGROUP_3);
   \       0x28   0x2004             MOVS     R0,#+4
   \       0x2A   0xB002             ADD      SP,SP,#+8
   \       0x2C   0x....'....        B.W      HAL_NVIC_SetPriorityGrouping
   \                     ??HAL_MspInit_0:
   \       0x30   0x4002'1018        DC32     0x40021018
     74          
     75            /* System interrupt init*/
     76          
     77            /* USER CODE BEGIN MspInit 1 */
     78          
     79            /* USER CODE END MspInit 1 */
     80          }
     81          
     82          /* USER CODE BEGIN 1 */
     83          
     84          /* USER CODE END 1 */
     85          
     86          /************************ (C) COPYRIGHT STMicroelectronics *****END OF FILE****/

   Maximum stack usage in bytes:

   .cstack Function
   ------- --------
       8   HAL_MspInit
         0   -> HAL_NVIC_SetPriorityGrouping


   Section sizes:

   Bytes  Function/Label
   -----  --------------
      52  HAL_MspInit

 
 52 bytes in section .text
 
 52 bytes of CODE memory

Errors: none
Warnings: none
